2015-11-01 10:25:38 INFO  Base_Class:34 - Intialized the browser in Chrome
2015-11-01 10:25:43 INFO  Scenario_Login:56 - Passed as Expected user logged in to app
2015-11-01 10:25:44 INFO  Base_Class:58 - Closed the Browser
2015-11-01 10:28:09 INFO  Base_Class:27 - Intialized the browser in Firefox
2015-11-01 10:28:14 INFO  Scenario_Login:56 - Passed as Expected user logged in to app
2015-11-01 10:28:14 INFO  Base_Class:58 - Closed the Browser
2015-11-01 10:28:18 INFO  Base_Class:27 - Intialized the browser in Firefox
2015-11-01 10:29:35 INFO  Base_Class:27 - Intialized the browser in Firefox
2015-11-01 10:30:17 INFO  Base_Class:27 - Intialized the browser in Firefox
2015-11-01 10:30:23 INFO  Scenario_Login:56 - Passed as Expected user logged in to app
2015-11-01 10:30:23 INFO  Base_Class:58 - Closed the Browser
2015-11-01 10:30:28 INFO  Base_Class:27 - Intialized the browser in Firefox
2015-11-01 10:31:46 INFO  Base_Class:27 - Intialized the browser in Firefox
2015-11-01 10:31:50 INFO  Scenario_Login:56 - Passed as Expected user logged in to app
2015-11-01 10:31:51 INFO  Base_Class:58 - Closed the Browser
2015-11-01 10:31:55 INFO  Base_Class:27 - Intialized the browser in Firefox
2015-11-01 10:32:00 INFO  Scenario_Login:61 - Failed as Expected user was  qtpworld2005 g Actual Result is  Qtpworld2005 g
2015-11-01 10:32:01 INFO  Base_Class:58 - Closed the Browser
2015-11-01 11:27:21 INFO  Base_Class:27 - Intialized the browser in Firefox
2015-11-01 11:29:25 INFO  Base_Class:27 - Intialized the browser in Firefox
2015-11-01 11:30:55 INFO  Base_Class:27 - Intialized the browser in Firefox
2015-11-01 11:31:02 INFO  Base_Class:58 - Closed the Browser
2015-11-01 11:33:07 INFO  Base_Class:27 - Intialized the browser in Firefox
2015-11-01 11:33:12 INFO  Base_Class:58 - Closed the Browser
2015-11-01 11:38:14 INFO  Base_Class:27 - Intialized the browser in Firefox
2015-11-01 11:38:22 INFO  Base_Class:58 - Closed the Browser
2015-11-01 11:38:27 INFO  Base_Class:27 - Intialized the browser in Firefox
2015-11-01 11:38:34 INFO  Base_Class:58 - Closed the Browser
2015-11-01 11:38:38 INFO  Base_Class:27 - Intialized the browser in Firefox
2015-11-01 11:38:43 INFO  Base_Class:58 - Closed the Browser
2015-11-01 11:40:46 INFO  Base_Class:27 - Intialized the browser in Firefox
2015-11-01 11:40:57 INFO  Base_Class:58 - Closed the Browser
2015-11-01 11:41:02 INFO  Base_Class:27 - Intialized the browser in Firefox
2015-11-01 11:41:06 INFO  Base_Class:58 - Closed the Browser
2015-11-01 11:41:11 INFO  Base_Class:27 - Intialized the browser in Firefox
2015-11-01 11:41:45 INFO  Base_Class:58 - Closed the Browser
2015-11-01 11:42:40 INFO  Base_Class:27 - Intialized the browser in Firefox
2015-11-01 11:42:45 INFO  Base_Class:58 - Closed the Browser
2015-11-01 12:23:59 INFO  Scenario_Login:22 - Executing the testcase GB_01  Order of  1.0
2015-11-01 12:24:07 INFO  Base_Class:27 - Intialized the browser in Firefox
2015-11-01 12:24:17 INFO  Scenario_Login:32 - Passed as Expected msg was Valid
2015-11-01 12:24:17 INFO  Base_Class:58 - Closed the Browser
2015-11-01 12:24:17 INFO  Scenario_Login:41 - ******************************************
2015-11-01 12:24:17 INFO  Scenario_Login:22 - Executing the testcase GB_02  Order of  1.0
2015-11-01 12:24:21 INFO  Base_Class:27 - Intialized the browser in Firefox
2015-11-01 12:24:31 INFO  Scenario_Login:32 - Passed as Expected msg was Valid
2015-11-01 12:24:31 INFO  Base_Class:58 - Closed the Browser
2015-11-01 12:24:31 INFO  Scenario_Login:41 - ******************************************
2015-11-01 12:24:31 INFO  Scenario_Login:22 - Executing the testcase GB_03  Order of  1.0
2015-11-01 12:24:36 INFO  Base_Class:27 - Intialized the browser in Firefox
2015-11-01 12:24:45 INFO  Scenario_Login:32 - Passed as Expected msg was Valid
2015-11-01 12:24:45 INFO  Base_Class:58 - Closed the Browser
2015-11-01 12:24:45 INFO  Scenario_Login:41 - ******************************************
2015-11-01 12:24:45 INFO  Scenario_Login:22 - Executing the testcase GB_04  Order of  1.0
2015-11-01 12:24:50 INFO  Base_Class:27 - Intialized the browser in Firefox
2015-11-01 12:24:59 INFO  Scenario_Login:32 - Passed as Expected msg was Valid
2015-11-01 12:24:59 INFO  Base_Class:58 - Closed the Browser
2015-11-01 12:24:59 INFO  Scenario_Login:41 - ******************************************
2015-11-01 12:24:59 INFO  Scenario_Login:22 - Executing the testcase GB_05  Order of  1.0
2015-11-01 12:25:03 INFO  Base_Class:27 - Intialized the browser in Firefox
2015-11-01 12:25:08 INFO  Scenario_Login:32 - Passed as Expected msg was Valid
2015-11-01 12:25:08 INFO  Base_Class:58 - Closed the Browser
2015-11-01 12:25:08 INFO  Scenario_Login:41 - ******************************************
2015-11-01 12:25:08 INFO  Scenario_Login:22 - Executing the testcase GB_06  Order of  1.0
2015-11-01 12:25:13 INFO  Base_Class:27 - Intialized the browser in Firefox
2015-11-01 12:25:18 INFO  Scenario_Login:32 - Passed as Expected msg was Valid
2015-11-01 12:25:19 INFO  Base_Class:58 - Closed the Browser
2015-11-01 12:25:19 INFO  Scenario_Login:41 - ******************************************
2015-11-01 12:25:24 INFO  Base_Class:27 - Intialized the browser in Firefox
2015-11-01 12:25:29 INFO  Base_Class:58 - Closed the Browser
2015-11-01 12:29:48 INFO  Scenario_Login:22 - Executing the testcase GB_01  Order of  1.0
2015-11-01 12:29:55 INFO  Base_Class:27 - Intialized the browser in Firefox
2015-11-01 12:38:13 INFO  Scenario_Login:22 - Executing the testcase GB_01  Order of  1.0
2015-11-01 12:38:18 INFO  Base_Class:27 - Intialized the browser in Firefox
2015-11-01 12:38:27 INFO  Scenario_Login:32 - Passed as Expected msg was Valid
2015-11-01 12:38:27 INFO  Base_Class:58 - Closed the Browser
2015-11-01 12:38:27 INFO  Scenario_Login:41 - ******************************************
2015-11-01 12:38:27 INFO  Scenario_Login:22 - Executing the testcase GB_02  Order of  1.0
2015-11-01 12:38:31 INFO  Base_Class:27 - Intialized the browser in Firefox
2015-11-01 12:38:37 INFO  Scenario_Login:32 - Passed as Expected msg was Valid
2015-11-01 12:38:37 INFO  Base_Class:58 - Closed the Browser
2015-11-01 12:38:37 INFO  Scenario_Login:41 - ******************************************
2015-11-01 12:38:37 INFO  Scenario_Login:22 - Executing the testcase GB_03  Order of  1.0
2015-11-01 12:38:41 INFO  Base_Class:27 - Intialized the browser in Firefox
2015-11-01 12:38:46 INFO  Scenario_Login:32 - Passed as Expected msg was Valid
2015-11-01 12:38:46 INFO  Base_Class:58 - Closed the Browser
2015-11-01 12:38:46 INFO  Scenario_Login:41 - ******************************************
2015-11-01 12:38:46 INFO  Scenario_Login:22 - Executing the testcase GB_04  Order of  1.0
2015-11-01 12:38:51 INFO  Base_Class:27 - Intialized the browser in Firefox
2015-11-01 12:38:55 INFO  Scenario_Login:32 - Passed as Expected msg was Valid
2015-11-01 12:38:56 INFO  Base_Class:58 - Closed the Browser
2015-11-01 12:38:56 INFO  Scenario_Login:41 - ******************************************
2015-11-01 12:38:56 INFO  Scenario_Login:22 - Executing the testcase GB_05  Order of  1.0
2015-11-01 12:39:00 INFO  Base_Class:27 - Intialized the browser in Firefox
2015-11-01 12:39:06 INFO  Scenario_Login:32 - Passed as Expected msg was Valid
2015-11-01 12:39:06 INFO  Base_Class:58 - Closed the Browser
2015-11-01 12:39:06 INFO  Scenario_Login:41 - ******************************************
2015-11-01 12:39:06 INFO  Scenario_Login:22 - Executing the testcase GB_06  Order of  1.0
2015-11-01 12:39:10 INFO  Base_Class:27 - Intialized the browser in Firefox
2015-11-01 12:39:15 INFO  Scenario_Login:32 - Passed as Expected msg was Valid
2015-11-01 12:39:15 INFO  Base_Class:58 - Closed the Browser
2015-11-01 12:39:15 INFO  Scenario_Login:41 - ******************************************
2015-11-01 12:39:19 INFO  Base_Class:27 - Intialized the browser in Firefox
2015-11-01 12:39:24 INFO  Base_Class:58 - Closed the Browser
2015-11-01 12:40:59 INFO  Base_Class:27 - Intialized the browser in Firefox
2015-11-01 12:41:04 INFO  Base_Class:58 - Closed the Browser
2015-11-01 12:44:42 INFO  Scenario_Login:22 - Executing the testcase GB_01  Order of  1.0
2015-11-01 12:44:48 INFO  Base_Class:27 - Intialized the browser in Firefox
2015-11-01 12:44:53 INFO  Base_Class:27 - Intialized the browser in Firefox
2015-11-01 12:44:54 INFO  Scenario_Login:32 - Passed as Expected msg was Valid
2015-11-01 12:44:55 INFO  Base_Class:58 - Closed the Browser
2015-11-01 12:44:55 INFO  Scenario_Login:41 - ******************************************
2015-11-01 12:44:55 INFO  Scenario_Login:22 - Executing the testcase GB_02  Order of  1.0
2015-11-01 12:44:57 INFO  Base_Class:58 - Closed the Browser
2015-11-01 12:45:00 INFO  Base_Class:27 - Intialized the browser in Firefox
2015-11-01 12:45:06 INFO  Scenario_Login:32 - Passed as Expected msg was Valid
2015-11-01 12:45:07 INFO  Base_Class:58 - Closed the Browser
2015-11-01 12:45:07 INFO  Scenario_Login:41 - ******************************************
2015-11-01 12:45:07 INFO  Scenario_Login:22 - Executing the testcase GB_03  Order of  1.0
2015-11-01 12:45:11 INFO  Base_Class:27 - Intialized the browser in Firefox
2015-11-01 12:45:19 INFO  Scenario_Login:32 - Passed as Expected msg was Valid
2015-11-01 12:45:19 INFO  Base_Class:58 - Closed the Browser
2015-11-01 12:45:19 INFO  Scenario_Login:41 - ******************************************
2015-11-01 12:45:19 INFO  Scenario_Login:22 - Executing the testcase GB_04  Order of  1.0
2015-11-01 12:45:24 INFO  Base_Class:27 - Intialized the browser in Firefox
2015-11-01 12:45:30 INFO  Scenario_Login:32 - Passed as Expected msg was Valid
2015-11-01 12:45:30 INFO  Base_Class:58 - Closed the Browser
2015-11-01 12:45:30 INFO  Scenario_Login:41 - ******************************************
2015-11-01 12:45:30 INFO  Scenario_Login:22 - Executing the testcase GB_05  Order of  1.0
2015-11-01 12:45:34 INFO  Base_Class:27 - Intialized the browser in Firefox
2015-11-01 12:45:44 INFO  Scenario_Login:32 - Passed as Expected msg was Valid
2015-11-01 12:45:44 INFO  Base_Class:58 - Closed the Browser
2015-11-01 12:45:44 INFO  Scenario_Login:41 - ******************************************
2015-11-01 12:45:44 INFO  Scenario_Login:22 - Executing the testcase GB_06  Order of  1.0
2015-11-01 12:45:48 INFO  Base_Class:27 - Intialized the browser in Firefox
2015-11-01 12:45:57 INFO  Scenario_Login:32 - Passed as Expected msg was Valid
2015-11-01 12:45:57 INFO  Base_Class:58 - Closed the Browser
2015-11-01 12:45:57 INFO  Scenario_Login:41 - ******************************************
2015-11-01 12:55:39 INFO  Scenario_Login:22 - Executing the testcase GB_01  Order of  1.0
2015-11-01 12:55:45 INFO  Base_Class:27 - Intialized the browser in Firefox
2015-11-01 12:55:54 INFO  Scenario_Login:32 - Passed as Expected msg was Valid
2015-11-01 12:55:54 INFO  Base_Class:58 - Closed the Browser
2015-11-01 12:55:54 INFO  Scenario_Login:41 - ******************************************
2015-11-01 12:55:54 INFO  Scenario_Login:22 - Executing the testcase GB_02  Order of  1.0
2015-11-01 12:55:59 INFO  Base_Class:27 - Intialized the browser in Firefox
2015-11-01 12:56:06 INFO  Scenario_Login:32 - Passed as Expected msg was Valid
2015-11-01 12:56:07 INFO  Base_Class:58 - Closed the Browser
2015-11-01 12:56:07 INFO  Scenario_Login:41 - ******************************************
2015-11-01 12:56:07 INFO  Scenario_Login:22 - Executing the testcase GB_03  Order of  1.0
2015-11-01 12:56:11 INFO  Base_Class:27 - Intialized the browser in Firefox
2015-11-01 12:56:18 INFO  Scenario_Login:32 - Passed as Expected msg was Valid
2015-11-01 12:56:18 INFO  Base_Class:58 - Closed the Browser
2015-11-01 12:56:18 INFO  Scenario_Login:41 - ******************************************
2015-11-01 12:56:18 INFO  Scenario_Login:22 - Executing the testcase GB_04  Order of  1.0
2015-11-01 12:56:23 INFO  Base_Class:27 - Intialized the browser in Firefox
2015-11-01 12:56:28 INFO  Scenario_Login:32 - Passed as Expected msg was Valid
2015-11-01 12:56:28 INFO  Base_Class:58 - Closed the Browser
2015-11-01 12:56:28 INFO  Scenario_Login:41 - ******************************************
2015-11-01 12:56:28 INFO  Scenario_Login:22 - Executing the testcase GB_05  Order of  1.0
2015-11-01 12:56:32 INFO  Base_Class:27 - Intialized the browser in Firefox
2015-11-01 12:56:39 INFO  Scenario_Login:32 - Passed as Expected msg was Valid
2015-11-01 12:56:40 INFO  Base_Class:58 - Closed the Browser
2015-11-01 12:56:40 INFO  Scenario_Login:41 - ******************************************
2015-11-01 12:56:40 INFO  Scenario_Login:22 - Executing the testcase GB_06  Order of  1.0
2015-11-01 12:56:44 INFO  Base_Class:27 - Intialized the browser in Firefox
2015-11-01 12:56:49 INFO  Scenario_Login:32 - Passed as Expected msg was Valid
2015-11-01 12:56:49 INFO  Base_Class:58 - Closed the Browser
2015-11-01 12:56:49 INFO  Scenario_Login:41 - ******************************************
2015-11-01 12:56:54 INFO  Base_Class:27 - Intialized the browser in Firefox
2015-11-01 12:56:59 INFO  Base_Class:58 - Closed the Browser
2015-11-01 13:20:56 INFO  Base_Class:33 - Intialized the browser in Firefox
2015-11-01 13:23:59 INFO  Base_Class:33 - Intialized the browser in Firefox
2015-11-01 13:24:05 INFO  Scenario_Login:61 - Failed as Expected user was  qtpworld2005 g Actual Result is  Qtpworld2005 g
2015-11-01 13:24:08 INFO  Base_Class:64 - Closed the Browser
